<?xml version="1.0" encoding="UTF-8"?>
<!-- Generated by org.testng.reporters.JUnitReportReporter -->
<testsuite hostname="MAVBCP75" name="testdefination.NewtoursRegisterUser" tests="1" failures="0" timestamp="1 Jun 2020 06:18:15 GMT" time="53.566" errors="0">
  <testcase name="testExecution" time="53.566" classname="testdefination.NewtoursRegisterUser"/>
</testsuite> <!-- testdefination.NewtoursRegisterUser -->
