<?xml version="1.0" encoding="UTF-8"?>
<!-- Generated by org.testng.reporters.JUnitReportReporter -->
<testsuite skipped="0" hostname="MAVBCP75" name="testdefination.NewtoursRegisterUser" tests="1" failures="0" timestamp="2020-06-01T12:13:12 IST" time="54.126" errors="0">
  <testcase name="testExecution" time="54.126" classname="testdefination.NewtoursRegisterUser"/>
</testsuite> <!-- testdefination.NewtoursRegisterUser -->
